<?xml version="1.0" encoding="UTF-8"?>
<testng-results skipped="0" failed="0" ignored="0" total="1" passed="1">
  <reporter-output>
  </reporter-output>
  <suite name="Default suite" duration-ms="34451" started-at="2017-09-15T00:37:51Z" finished-at="2017-09-15T00:38:26Z">
    <groups>
    </groups>
    <test name="Default test" duration-ms="34451" started-at="2017-09-15T00:37:51Z" finished-at="2017-09-15T00:38:26Z">
      <class name="com.transavia.Test_Id_4">
        <test-method status="PASS" signature="beforeClass()[pri:0, instance:com.transavia.Test_Id_4@396e2f39]" name="beforeClass" is-config="true" duration-ms="9584" started-at="2017-09-15T02:37:51Z" finished-at="2017-09-15T02:38:01Z">
          <reporter-output>
          </reporter-output>
        </test-method> <!-- beforeClass -->
        <test-method status="PASS" signature="TestId4()[pri:0, instance:com.transavia.Test_Id_4@396e2f39]" name="TestId4" duration-ms="24823" started-at="2017-09-15T02:38:01Z" finished-at="2017-09-15T02:38:26Z">
          <reporter-output>
          </reporter-output>
        </test-method> <!-- TestId4 -->
        <test-method status="PASS" signature="afterClass()[pri:0, instance:com.transavia.Test_Id_4@396e2f39]" name="afterClass" is-config="true" duration-ms="15" started-at="2017-09-15T02:38:26Z" finished-at="2017-09-15T02:38:26Z">
          <reporter-output>
          </reporter-output>
        </test-method> <!-- afterClass -->
      </class> <!-- com.transavia.Test_Id_4 -->
    </test> <!-- Default test -->
  </suite> <!-- Default suite -->
</testng-results>
